<?xml version="1.0" encoding="UTF-8"?>
<testsuite name="RegSet1"
           tests="6"
           failures="0"
           errors="0"
           skipped="0"
           time="0.016">
  <properties />
  
  
            <testcase name="print" time="0.000" classname="sep_dataprovider.driver_summation" />
                <testcase name="print" time="0.000" classname="sep_dataprovider.driver_summation" />
                <testcase name="print" time="0.000" classname="sep_dataprovider.driver_summation" />
                <testcase name="print" time="0.000" classname="sep_dataprovider.driver_summation" />
                <testcase name="print" time="0.000" classname="sep_dataprovider.driver_summation" />
                <testcase name="print" time="0.016" classname="sep_dataprovider.driver_summation" />
      
</testsuite>
