<?xml version="1.0" encoding="UTF-8"?>
<!-- Generated by org.testng.reporters.JUnitXMLReporter -->
<testsuite hostname="5CG6420X0K" name="RegSet1" tests="6" failures="0" timestamp="1 Oct 2017 14:48:30 GMT" time="0.608" errors="0">
  <testcase name="print" time="0.016" classname="sep_dataprovider.driver_summation"/>
  <testcase name="print" time="0.0" classname="sep_dataprovider.driver_summation"/>
  <testcase name="print" time="0.0" classname="sep_dataprovider.driver_summation"/>
  <testcase name="print" time="0.0" classname="sep_dataprovider.driver_summation"/>
  <testcase name="print" time="0.0" classname="sep_dataprovider.driver_summation"/>
  <testcase name="print" time="0.0" classname="sep_dataprovider.driver_summation"/>
</testsuite> <!-- RegSet1 -->
